0 info it worked if it ends with ok
1 verbose cli [
1 verbose cli   'C:\\Program Files\\nodejs\\node.exe',
1 verbose cli   'F:\\react\\Inotebook1\\node_modules\\npm\\bin\\npm-cli.js',
1 verbose cli   'run',
1 verbose cli   'start'
1 verbose cli ]
2 info using npm@2.15.12
3 info using node@v20.8.0
4 verbose run-script [ 'prestart', 'start', 'poststart' ]
5 info prestart inotebook@1.0.0
6 info start inotebook@1.0.0
7 verbose unsafe-perm in lifecycle true
8 info inotebook@1.0.0 Failed to exec start script
9 verbose stack Error: inotebook@1.0.0 start: `react-scripts start`
9 verbose stack Exit status 1
9 verbose stack     at EventEmitter.<anonymous> (F:\react\Inotebook1\node_modules\npm\lib\utils\lifecycle.js:217:16)
9 verbose stack     at EventEmitter.emit (node:events:514:28)
9 verbose stack     at ChildProcess.<anonymous> (F:\react\Inotebook1\node_modules\npm\lib\utils\spawn.js:24:14)
9 verbose stack     at ChildProcess.emit (node:events:514:28)
9 verbose stack     at maybeClose (node:internal/child_process:1105:16)
9 verbose stack     at ChildProcess._handle.onexit (node:internal/child_process:305:5)
10 verbose pkgid inotebook@1.0.0
11 verbose cwd F:\react\Inotebook1
12 error Windows_NT 10.0.19045
13 error argv "C:\\Program Files\\nodejs\\node.exe" "F:\\react\\Inotebook1\\node_modules\\npm\\bin\\npm-cli.js" "run" "start"
14 error node v20.8.0
15 error npm  v2.15.12
16 error code ELIFECYCLE
17 error inotebook@1.0.0 start: `react-scripts start`
17 error Exit status 1
18 error Failed at the inotebook@1.0.0 start script 'react-scripts start'.
18 error This is most likely a problem with the inotebook package,
18 error not with npm itself.
18 error Tell the author that this fails on your system:
18 error     react-scripts start
18 error You can get information on how to open an issue for this project with:
18 error     npm bugs inotebook
18 error Or if that isn't available, you can get their info via:
18 error
18 error     npm owner ls inotebook
18 error There is likely additional logging output above.
19 verbose exit [ 1, true ]
